<?xml version='1.0' encoding='UTF-8'?>
<testsuite hostname="Nolram" name="kdtree.KdTreeTest" tests="4" errors="0" failures="0" skipped="0" time="0.022" timestamp="2026-04-05T18:50:25">
          <properties>
[...]
</properties>
          <testcase classname="kdtree.KdTreeTest" name="buildBalanced creates expected root and direct children for sample points" time="0.018">
                      
                    </testcase><testcase classname="kdtree.KdTreeTest" name="nearest returns expected point for dummies example query" time="0.002">
                      
                    </testcase><testcase classname="kdtree.KdTreeTest" name="insert builds the same shape from insertion order used in README" time="0.001">
                      
                    </testcase><testcase classname="kdtree.KdTreeTest" name="nearest on empty tree returns None" time="0.001">
                      
                    </testcase>
          <system-out><![CDATA[]]></system-out>
          <system-err><![CDATA[]]></system-err>
        </testsuite>